c:\users\elfyndor\mydocuments\projects\octavian\ecs\x64\debug\vc143.pdb
c:\users\elfyndor\mydocuments\projects\octavian\ecs\x64\debug\newtestmain.obj
c:\users\elfyndor\mydocuments\projects\octavian\ecs\x64\debug\vertexdata.obj
c:\users\elfyndor\mydocuments\projects\octavian\ecs\x64\debug\messagehandling_api.obj
c:\users\elfyndor\mydocuments\projects\octavian\ecs\x64\debug\messagehandling.obj
c:\users\elfyndor\mydocuments\projects\octavian\ecs\x64\debug\entitycontext.obj
c:\users\elfyndor\mydocuments\projects\octavian\ecs\x64\debug\entity.obj
c:\users\elfyndor\mydocuments\projects\octavian\ecs\x64\debug\pools.obj
c:\users\elfyndor\mydocuments\projects\octavian\ecs\x64\debug\idmap.obj
c:\users\elfyndor\mydocuments\projects\octavian\ecs\x64\debug\ecsmodule.obj
c:\users\elfyndor\mydocuments\projects\octavian\ecs\x64\debug\hitbox2d.obj
c:\users\elfyndor\mydocuments\projects\octavian\ecs\x64\debug\transform2d.obj
c:\users\elfyndor\mydocuments\projects\octavian\x64\debug\ecs.pdb
c:\users\elfyndor\mydocuments\projects\octavian\ecs\x64\debug\ecs.tlog\cl.command.1.tlog
c:\users\elfyndor\mydocuments\projects\octavian\ecs\x64\debug\ecs.tlog\cl.read.1.tlog
c:\users\elfyndor\mydocuments\projects\octavian\ecs\x64\debug\ecs.tlog\cl.write.1.tlog
c:\users\elfyndor\mydocuments\projects\octavian\ecs\x64\debug\ecs.tlog\link-cvtres.read.1.tlog
c:\users\elfyndor\mydocuments\projects\octavian\ecs\x64\debug\ecs.tlog\link-cvtres.write.1.tlog
c:\users\elfyndor\mydocuments\projects\octavian\ecs\x64\debug\ecs.tlog\link-rc.read.1.tlog
c:\users\elfyndor\mydocuments\projects\octavian\ecs\x64\debug\ecs.tlog\link-rc.write.1.tlog
c:\users\elfyndor\mydocuments\projects\octavian\ecs\x64\debug\ecs.tlog\link.command.1.tlog
c:\users\elfyndor\mydocuments\projects\octavian\ecs\x64\debug\ecs.tlog\link.read.1.tlog
c:\users\elfyndor\mydocuments\projects\octavian\ecs\x64\debug\ecs.tlog\link.read.2.tlog
c:\users\elfyndor\mydocuments\projects\octavian\ecs\x64\debug\ecs.tlog\link.read.3.tlog
c:\users\elfyndor\mydocuments\projects\octavian\ecs\x64\debug\ecs.tlog\link.read.4.tlog
c:\users\elfyndor\mydocuments\projects\octavian\ecs\x64\debug\ecs.tlog\link.write.1.tlog
