c:\users\elfyndor\mydocuments\projects\octavian\x64\debug\renderer.pdb
c:\users\elfyndor\mydocuments\projects\octavian\x64\debug\renderer.idb
c:\users\elfyndor\mydocuments\projects\octavian\renderer\x64\debug\messagehandling_api.obj
c:\users\elfyndor\mydocuments\projects\octavian\renderer\x64\debug\messagehandling.obj
c:\users\elfyndor\mydocuments\projects\octavian\renderer\x64\debug\buffergeneration.obj
c:\users\elfyndor\mydocuments\projects\octavian\renderer\x64\debug\window.obj
c:\users\elfyndor\mydocuments\projects\octavian\renderer\x64\debug\shader_api.obj
c:\users\elfyndor\mydocuments\projects\octavian\renderer\x64\debug\shader.obj
c:\users\elfyndor\mydocuments\projects\octavian\renderer\x64\debug\debugshaders.obj
c:\users\elfyndor\mydocuments\projects\octavian\renderer\x64\debug\rendererobject_api.obj
c:\users\elfyndor\mydocuments\projects\octavian\renderer\x64\debug\layer_api.obj
c:\users\elfyndor\mydocuments\projects\octavian\renderer\x64\debug\prototypes.obj
c:\users\elfyndor\mydocuments\projects\octavian\renderer\x64\debug\testcallback.obj
c:\users\elfyndor\mydocuments\projects\octavian\renderer\x64\debug\glad.obj
c:\users\haex4\mydocuments\projects\octavian\renderer\x64\debug\buffergeneration.obj
c:\users\haex4\mydocuments\projects\octavian\renderer\x64\debug\debugshaders.obj
c:\users\haex4\mydocuments\projects\octavian\renderer\x64\debug\glad.obj
c:\users\haex4\mydocuments\projects\octavian\renderer\x64\debug\layer_api.obj
c:\users\haex4\mydocuments\projects\octavian\renderer\x64\debug\messagehandling.obj
c:\users\haex4\mydocuments\projects\octavian\renderer\x64\debug\messagehandling_api.obj
c:\users\haex4\mydocuments\projects\octavian\renderer\x64\debug\prototypes.obj
c:\users\haex4\mydocuments\projects\octavian\renderer\x64\debug\rendererobject_api.obj
c:\users\haex4\mydocuments\projects\octavian\renderer\x64\debug\shader.obj
c:\users\haex4\mydocuments\projects\octavian\renderer\x64\debug\shader_api.obj
c:\users\haex4\mydocuments\projects\octavian\renderer\x64\debug\testcallback.obj
c:\users\haex4\mydocuments\projects\octavian\renderer\x64\debug\window.obj
c:\users\haex4\mydocuments\projects\octavian\x64\debug\renderer.pdb
c:\users\haex4\mydocuments\projects\octavian\renderer\x64\debug\renderer.tlog\cl.command.1.tlog
c:\users\haex4\mydocuments\projects\octavian\renderer\x64\debug\renderer.tlog\cl.read.1.tlog
c:\users\haex4\mydocuments\projects\octavian\renderer\x64\debug\renderer.tlog\cl.write.1.tlog
