  glad.c
  testCallback.c
  prototypes.c
  layer.c
C:\Users\Elfyndor\MyDocuments\Projects\OCTAVIAN\Renderer\internal\standards\rendererStandards_internal.h(5,9): warning C4005: 'GLFW_STATIC': macro redefinition
  (compiling source file 'internal/input/testCallback.c')
      C:\Users\Elfyndor\MyDocuments\Projects\OCTAVIAN\Renderer\internal\standards\rendererStandards_internal.h(5,9):
      'GLFW_STATIC' previously declared on the command line
  
C:\Users\Elfyndor\MyDocuments\Projects\OCTAVIAN\Renderer\internal\standards\rendererStandards_internal.h(8,9): warning C4005: 'OCT_GENERIC_FAIL': macro redefinition
  (compiling source file 'internal/input/testCallback.c')
      C:\Users\Elfyndor\MyDocuments\Projects\OCTAVIAN\Errors\include\errors\errorCodes.h(4,9):
      see previous definition of 'OCT_GENERIC_FAIL'
  
C:\Users\Elfyndor\MyDocuments\Projects\OCTAVIAN\Renderer\internal\standards\rendererStandards_internal.h(5,9): warning C4005: 'GLFW_STATIC': macro redefinition
  (compiling source file 'internal/renderer/layer/layer.c')
      C:\Users\Elfyndor\MyDocuments\Projects\OCTAVIAN\Renderer\internal\standards\rendererStandards_internal.h(5,9):
      'GLFW_STATIC' previously declared on the command line
  
C:\Users\Elfyndor\MyDocuments\Projects\OCTAVIAN\Renderer\internal\standards\rendererStandards_internal.h(8,9): warning C4005: 'OCT_GENERIC_FAIL': macro redefinition
  (compiling source file 'internal/renderer/layer/layer.c')
      C:\Users\Elfyndor\MyDocuments\Projects\OCTAVIAN\Errors\include\errors\errorCodes.h(4,9):
      see previous definition of 'OCT_GENERIC_FAIL'
  
C:\Users\Elfyndor\MyDocuments\Projects\OCTAVIAN\Renderer\internal\renderer\layer\layer.c(13,3): warning C4047: 'return': 'iOCT_layer *' differs in levels of indirection from 'unsigned __int64'
C:\Users\Elfyndor\MyDocuments\Projects\OCTAVIAN\Renderer\internal\renderer\layer\layer.c(36,2): warning C4013: 'memset' undefined; assuming extern returning int
C:\Users\Elfyndor\MyDocuments\Projects\OCTAVIAN\Renderer\internal\renderer\layer\layer.c(41,39): error C2039: 'entitySetID': is not a member of 'OCT_entityHandle'
      C:\Users\Elfyndor\MyDocuments\Projects\OCTAVIAN\EngineStructure\include\engineLayout.h(19,16):
      see declaration of 'OCT_entityHandle'
  
C:\Users\Elfyndor\MyDocuments\Projects\OCTAVIAN\Renderer\internal\renderer\layer\layer.c(41,2): warning C4033: 'iOCT_rendererObject_locate' must return a value
  layer_API.c
C:\Users\Elfyndor\MyDocuments\Projects\OCTAVIAN\Renderer\internal\standards\rendererStandards_internal.h(5,9): warning C4005: 'GLFW_STATIC': macro redefinition
  (compiling source file 'internal/renderer/layer/layer_API.c')
      C:\Users\Elfyndor\MyDocuments\Projects\OCTAVIAN\Renderer\internal\standards\rendererStandards_internal.h(5,9):
      'GLFW_STATIC' previously declared on the command line
  
C:\Users\Elfyndor\MyDocuments\Projects\OCTAVIAN\Renderer\internal\standards\rendererStandards_internal.h(8,9): warning C4005: 'OCT_GENERIC_FAIL': macro redefinition
  (compiling source file 'internal/renderer/layer/layer_API.c')
      C:\Users\Elfyndor\MyDocuments\Projects\OCTAVIAN\Errors\include\errors\errorCodes.h(4,9):
      see previous definition of 'OCT_GENERIC_FAIL'
  
  rendererObject.c
C:\Users\Elfyndor\MyDocuments\Projects\OCTAVIAN\Renderer\internal\standards\rendererStandards_internal.h(5,9): warning C4005: 'GLFW_STATIC': macro redefinition
  (compiling source file 'internal/renderer/rendererObject/rendererObject.c')
      C:\Users\Elfyndor\MyDocuments\Projects\OCTAVIAN\Renderer\internal\standards\rendererStandards_internal.h(5,9):
      'GLFW_STATIC' previously declared on the command line
  
C:\Users\Elfyndor\MyDocuments\Projects\OCTAVIAN\Renderer\internal\standards\rendererStandards_internal.h(8,9): warning C4005: 'OCT_GENERIC_FAIL': macro redefinition
  (compiling source file 'internal/renderer/rendererObject/rendererObject.c')
      C:\Users\Elfyndor\MyDocuments\Projects\OCTAVIAN\Errors\include\errors\errorCodes.h(4,9):
      see previous definition of 'OCT_GENERIC_FAIL'
  
C:\Users\Elfyndor\MyDocuments\Projects\OCTAVIAN\Renderer\internal\shaders\shader\shader_internal.h(6,2): warning C4091: 'typedef ': ignored on left of 'iOCT_shaderTypes' when no variable is declared
  (compiling source file 'internal/renderer/rendererObject/rendererObject.c')
  
C:\Users\Elfyndor\MyDocuments\Projects\OCTAVIAN\Renderer\internal\renderer\rendererObject\rendererObject.c(7,30): warning C4047: '==': 'iOCT_layer *' differs in levels of indirection from 'unsigned __int64'
C:\Users\Elfyndor\MyDocuments\Projects\OCTAVIAN\Renderer\internal\renderer\rendererObject\rendererObject.c(9,3): warning C4047: 'return': 'iOCT_rendererObject *' differs in levels of indirection from 'unsigned __int64'
C:\Users\Elfyndor\MyDocuments\Projects\OCTAVIAN\Renderer\internal\renderer\rendererObject\rendererObject.c(18,30): warning C4047: '==': 'iOCT_layer *' differs in levels of indirection from 'unsigned __int64'
C:\Users\Elfyndor\MyDocuments\Projects\OCTAVIAN\Renderer\internal\renderer\rendererObject\rendererObject.c(20,3): warning C4047: 'return': 'iOCT_rendererObject *' differs in levels of indirection from 'unsigned __int64'
C:\Users\Elfyndor\MyDocuments\Projects\OCTAVIAN\Renderer\internal\renderer\rendererObject\rendererObject.c(23,2): warning C4047: 'return': 'iOCT_rendererObject *' differs in levels of indirection from 'iOCT_rendererObject (*)[1024]'
C:\Users\Elfyndor\MyDocuments\Projects\OCTAVIAN\Renderer\internal\renderer\rendererObject\rendererObject.c(27,30): warning C4047: '==': 'iOCT_layer *' differs in levels of indirection from 'unsigned __int64'
C:\Users\Elfyndor\MyDocuments\Projects\OCTAVIAN\Renderer\internal\renderer\rendererObject\rendererObject.c(29,3): warning C4047: 'return': 'OCT_counter *' differs in levels of indirection from 'unsigned __int64'
C:\Users\Elfyndor\MyDocuments\Projects\OCTAVIAN\Renderer\internal\renderer\rendererObject\rendererObject.c(57,38): error C2039: 'entitySetID': is not a member of 'OCT_entityHandle'
      C:\Users\Elfyndor\MyDocuments\Projects\OCTAVIAN\EngineStructure\include\engineLayout.h(19,16):
      see declaration of 'OCT_entityHandle'
  
C:\Users\Elfyndor\MyDocuments\Projects\OCTAVIAN\Renderer\internal\renderer\rendererObject\rendererObject.c(68,37): warning C4267: 'function': conversion from 'size_t' to 'GLsizei', possible loss of data
  rendererObject_API.c
C:\Users\Elfyndor\MyDocuments\Projects\OCTAVIAN\Renderer\internal\standards\rendererStandards_internal.h(5,9): warning C4005: 'GLFW_STATIC': macro redefinition
  (compiling source file 'internal/renderer/rendererObject/rendererObject_API.c')
      C:\Users\Elfyndor\MyDocuments\Projects\OCTAVIAN\Renderer\internal\standards\rendererStandards_internal.h(5,9):
      'GLFW_STATIC' previously declared on the command line
  
C:\Users\Elfyndor\MyDocuments\Projects\OCTAVIAN\Renderer\internal\standards\rendererStandards_internal.h(8,9): warning C4005: 'OCT_GENERIC_FAIL': macro redefinition
  (compiling source file 'internal/renderer/rendererObject/rendererObject_API.c')
      C:\Users\Elfyndor\MyDocuments\Projects\OCTAVIAN\Errors\include\errors\errorCodes.h(4,9):
      see previous definition of 'OCT_GENERIC_FAIL'
  
  debugShaders.c
  shader.c
C:\Users\Elfyndor\MyDocuments\Projects\OCTAVIAN\Renderer\internal\standards\rendererStandards_internal.h(5,9): warning C4005: 'GLFW_STATIC': macro redefinition
  (compiling source file 'internal/shaders/shader/shader.c')
      C:\Users\Elfyndor\MyDocuments\Projects\OCTAVIAN\Renderer\internal\standards\rendererStandards_internal.h(5,9):
      'GLFW_STATIC' previously declared on the command line
  
C:\Users\Elfyndor\MyDocuments\Projects\OCTAVIAN\Renderer\internal\standards\rendererStandards_internal.h(8,9): warning C4005: 'OCT_GENERIC_FAIL': macro redefinition
  (compiling source file 'internal/shaders/shader/shader.c')
      C:\Users\Elfyndor\MyDocuments\Projects\OCTAVIAN\Errors\include\errors\errorCodes.h(4,9):
      see previous definition of 'OCT_GENERIC_FAIL'
  
C:\Users\Elfyndor\MyDocuments\Projects\OCTAVIAN\Renderer\internal\shaders\shader\shader_internal.h(6,2): warning C4091: 'typedef ': ignored on left of 'iOCT_shaderTypes' when no variable is declared
  (compiling source file 'internal/shaders/shader/shader.c')
  
  shader_API.c
C:\Users\Elfyndor\MyDocuments\Projects\OCTAVIAN\Renderer\internal\standards\rendererStandards_internal.h(5,9): warning C4005: 'GLFW_STATIC': macro redefinition
  (compiling source file 'internal/shaders/shader/shader_API.c')
      C:\Users\Elfyndor\MyDocuments\Projects\OCTAVIAN\Renderer\internal\standards\rendererStandards_internal.h(5,9):
      'GLFW_STATIC' previously declared on the command line
  
C:\Users\Elfyndor\MyDocuments\Projects\OCTAVIAN\Renderer\internal\standards\rendererStandards_internal.h(8,9): warning C4005: 'OCT_GENERIC_FAIL': macro redefinition
  (compiling source file 'internal/shaders/shader/shader_API.c')
      C:\Users\Elfyndor\MyDocuments\Projects\OCTAVIAN\Errors\include\errors\errorCodes.h(4,9):
      see previous definition of 'OCT_GENERIC_FAIL'
  
C:\Users\Elfyndor\MyDocuments\Projects\OCTAVIAN\Renderer\internal\shaders\shader\shader_internal.h(6,2): warning C4091: 'typedef ': ignored on left of 'iOCT_shaderTypes' when no variable is declared
  (compiling source file 'internal/shaders/shader/shader_API.c')
  
  window.c
C:\Users\Elfyndor\MyDocuments\Projects\OCTAVIAN\Renderer\internal\standards\rendererStandards_internal.h(5,9): warning C4005: 'GLFW_STATIC': macro redefinition
  (compiling source file 'internal/renderer/window/window.c')
      C:\Users\Elfyndor\MyDocuments\Projects\OCTAVIAN\Renderer\internal\standards\rendererStandards_internal.h(5,9):
      'GLFW_STATIC' previously declared on the command line
  
C:\Users\Elfyndor\MyDocuments\Projects\OCTAVIAN\Renderer\internal\standards\rendererStandards_internal.h(8,9): warning C4005: 'OCT_GENERIC_FAIL': macro redefinition
  (compiling source file 'internal/renderer/window/window.c')
      C:\Users\Elfyndor\MyDocuments\Projects\OCTAVIAN\Errors\include\errors\errorCodes.h(4,9):
      see previous definition of 'OCT_GENERIC_FAIL'
  
C:\Users\Elfyndor\MyDocuments\Projects\OCTAVIAN\Renderer\internal\renderer\window\window.c(29,46): warning C4267: 'function': conversion from 'size_t' to 'int', possible loss of data
C:\Users\Elfyndor\MyDocuments\Projects\OCTAVIAN\Renderer\internal\renderer\window\window.c(29,53): warning C4267: 'function': conversion from 'size_t' to 'int', possible loss of data
C:\Users\Elfyndor\MyDocuments\Projects\OCTAVIAN\Renderer\internal\renderer\window\window.c(34,9): warning C4013: 'exit' undefined; assuming extern returning int
  bufferGeneration.c
C:\Users\Elfyndor\MyDocuments\Projects\OCTAVIAN\Renderer\internal\standards\rendererStandards_internal.h(5,9): warning C4005: 'GLFW_STATIC': macro redefinition
  (compiling source file 'internal/_REN_Input/bufferGeneration.c')
      C:\Users\Elfyndor\MyDocuments\Projects\OCTAVIAN\Renderer\internal\standards\rendererStandards_internal.h(5,9):
      'GLFW_STATIC' previously declared on the command line
  
C:\Users\Elfyndor\MyDocuments\Projects\OCTAVIAN\Renderer\internal\standards\rendererStandards_internal.h(8,9): warning C4005: 'OCT_GENERIC_FAIL': macro redefinition
  (compiling source file 'internal/_REN_Input/bufferGeneration.c')
      C:\Users\Elfyndor\MyDocuments\Projects\OCTAVIAN\Errors\include\errors\errorCodes.h(4,9):
      see previous definition of 'OCT_GENERIC_FAIL'
  
C:\Users\Elfyndor\MyDocuments\Projects\OCTAVIAN\Renderer\internal\shaders\shader\shader_internal.h(6,2): warning C4091: 'typedef ': ignored on left of 'iOCT_shaderTypes' when no variable is declared
  (compiling source file 'internal/_REN_Input/bufferGeneration.c')
  
  messageHandling.c
C:\Users\Elfyndor\MyDocuments\Projects\OCTAVIAN\Renderer\internal\standards\rendererStandards_internal.h(5,9): warning C4005: 'GLFW_STATIC': macro redefinition
  (compiling source file 'internal/_REN_Input/messageHandling.c')
      C:\Users\Elfyndor\MyDocuments\Projects\OCTAVIAN\Renderer\internal\standards\rendererStandards_internal.h(5,9):
      'GLFW_STATIC' previously declared on the command line
  
C:\Users\Elfyndor\MyDocuments\Projects\OCTAVIAN\Renderer\internal\standards\rendererStandards_internal.h(8,9): warning C4005: 'OCT_GENERIC_FAIL': macro redefinition
  (compiling source file 'internal/_REN_Input/messageHandling.c')
      C:\Users\Elfyndor\MyDocuments\Projects\OCTAVIAN\Errors\include\errors\errorCodes.h(4,9):
      see previous definition of 'OCT_GENERIC_FAIL'
  
C:\Users\Elfyndor\MyDocuments\Projects\OCTAVIAN\Renderer\internal\shaders\shader\shader_internal.h(6,2): warning C4091: 'typedef ': ignored on left of 'iOCT_shaderTypes' when no variable is declared
  (compiling source file 'internal/_REN_Input/messageHandling.c')
  
  messageHandling_API.c
  main.c
C:\Users\Elfyndor\MyDocuments\Projects\OCTAVIAN\Renderer\test\main.c(22,2): error C2065: 'OCT_entitySetID': undeclared identifier
C:\Users\Elfyndor\MyDocuments\Projects\OCTAVIAN\Renderer\test\main.c(22,18): error C2146: syntax error: missing ';' before identifier 'mainSet'
C:\Users\Elfyndor\MyDocuments\Projects\OCTAVIAN\Renderer\test\main.c(22,18): error C2065: 'mainSet': undeclared identifier
C:\Users\Elfyndor\MyDocuments\Projects\OCTAVIAN\Renderer\test\main.c(22,28): warning C4013: 'OCT_entitySet_new' undefined; assuming extern returning int
C:\Users\Elfyndor\MyDocuments\Projects\OCTAVIAN\Renderer\test\main.c(25,30): warning C4013: 'OCT_entitySet_root' undefined; assuming extern returning int
C:\Users\Elfyndor\MyDocuments\Projects\OCTAVIAN\Renderer\test\main.c(25,49): error C2065: 'mainSet': undeclared identifier
C:\Users\Elfyndor\MyDocuments\Projects\OCTAVIAN\Renderer\test\main.c(28,2): warning C4013: 'OCT_hitBox2D_addNew' undefined; assuming extern returning int
C:\Users\Elfyndor\MyDocuments\Projects\OCTAVIAN\Renderer\test\main.c(36,11): warning C4305: '+=': truncation from 'double' to 'float'
C:\Users\Elfyndor\MyDocuments\Projects\OCTAVIAN\Renderer\test\main.c(37,37): error C2440: 'function': cannot convert from 'float' to 'OCT_vec2'
C:\Users\Elfyndor\MyDocuments\Projects\OCTAVIAN\Renderer\test\main.c(37,37): warning C4024: 'OCT_hitBox2D_resizeTo': different types for formal and actual parameter 2
C:\Users\Elfyndor\MyDocuments\Projects\OCTAVIAN\Renderer\test\main.c(37,43): error C2197: 'void OCT_hitBox2D_resizeTo(OCT_entityHandle,OCT_vec2)': too many arguments for call
C:\Users\Elfyndor\MyDocuments\Projects\OCTAVIAN\Renderer\test\main.c(25,19): error C2440: 'initializing': cannot convert from 'int' to 'OCT_entityHandle'
  Generating Code...
